<?xml version="1.0" encoding="UTF-8"?>
<!-- Generated by org.testng.reporters.JUnitXMLReporter -->
<testsuite hostname="WSHYD-076" failures="0" tests="10" name="Default test" time="64.916" errors="0" timestamp="12 Oct 2021 13:57:18 GMT">
  <testcase classname="Demo.Expleo.VerifyPage" name="verifyBlueButton" time="0.069"/>
  <testcase classname="Demo.Expleo.VerifyPage" name="verifyGreenButton" time="0.036"/>
  <testcase classname="Demo.Expleo.VerifyPage" name="verifyGreenColor" time="0.025"/>
  <testcase classname="Demo.Expleo.VerifyPage" name="verifyRedButton" time="0.037"/>
  <testcase classname="Demo.Expleo.VerifyPage" name="verifyRedColor" time="0.024"/>
  <testcase classname="Demo.Expleo.VerifyPage" name="verifyTableColumns" time="0.019"/>
  <testcase classname="Demo.Expleo.VerifyPage" name="verifyTableRows" time="0.014"/>
  <testcase classname="Demo.Expleo.VerifyPage" name="verifyTabledata" time="0.028"/>
  <testcase classname="Demo.Expleo.VerifyPage" name="verifyTitle" time="0.007"/>
  <testcase classname="Demo.Expleo.VerifyPage" name="verifyblueColor" time="0.022"/>
</testsuite> <!-- Default test -->
